<?xml version="1.0" encoding="UTF-8"?>
<!-- Generated by org.testng.reporters.JUnitXMLReporter -->
<testsuite hostname="DESKTOP-C01PVB3" ignored="23" name="Default test" tests="1" failures="0" timestamp="01 Oct 2019 05:22:07 GMT" time="107.231" errors="0">
  <testcase name="verify_Build_Owner_user_permissions_Test" time="72.779" classname="com.testcases.BuildPageTest"/>
  <testcase name="verify_Analyse_View_user_permissions_Test" time="0.0" classname="com.testcases.BuildPageTest">
    <ignored/>
  </testcase> <!-- verify_Analyse_View_user_permissions_Test -->
  <testcase name="verify_Description_field_error_message_Test" time="0.0" classname="com.testcases.BuildPageTest">
    <ignored/>
  </testcase> <!-- verify_Description_field_error_message_Test -->
  <testcase name="verify_Download_and_Upload_questions_template_Test" time="0.0" classname="com.testcases.BuildPageTest">
    <ignored/>
  </testcase> <!-- verify_Download_and_Upload_questions_template_Test -->
  <testcase name="verify_Create_audit_and_upload_image_to_audit_Test" time="0.0" classname="com.testcases.BuildPageTest">
    <ignored/>
  </testcase> <!-- verify_Create_audit_and_upload_image_to_audit_Test -->
  <testcase name="verify_BuidPage_Test" time="0.0" classname="com.testcases.BuildPageTest">
    <ignored/>
  </testcase> <!-- verify_BuidPage_Test -->
  <testcase name="verify_Audit_View_user_permissions_Test" time="0.0" classname="com.testcases.BuildPageTest">
    <ignored/>
  </testcase> <!-- verify_Audit_View_user_permissions_Test -->
  <testcase name="verify_Analyse_Owner_user_permissions_Test" time="0.0" classname="com.testcases.BuildPageTest">
    <ignored/>
  </testcase> <!-- verify_Analyse_Owner_user_permissions_Test -->
  <testcase name="verify_Delete_audit_Test" time="0.0" classname="com.testcases.BuildPageTest">
    <ignored/>
  </testcase> <!-- verify_Delete_audit_Test -->
  <testcase name="verify_Show_audit_log_and_Trash_can_action_options_Test" time="0.0" classname="com.testcases.BuildPageTest">
    <ignored/>
  </testcase> <!-- verify_Show_audit_log_and_Trash_can_action_options_Test -->
  <testcase name="verify_Add_Schedules_and_delete_schedule_against_the_audit_Test" time="0.0" classname="com.testcases.BuildPageTest">
    <ignored/>
  </testcase> <!-- verify_Add_Schedules_and_delete_schedule_against_the_audit_Test -->
  <testcase name="verify_Audit_Do_user_permissions_Test" time="0.0" classname="com.testcases.BuildPageTest">
    <ignored/>
  </testcase> <!-- verify_Audit_Do_user_permissions_Test -->
  <testcase name="verify_Add_dataset_to_audit_Test" time="0.0" classname="com.testcases.BuildPageTest">
    <ignored/>
  </testcase> <!-- verify_Add_dataset_to_audit_Test -->
  <testcase name="verify_Error_message_for_invalid_search_Test" time="0.0" classname="com.testcases.BuildPageTest">
    <ignored/>
  </testcase> <!-- verify_Error_message_for_invalid_search_Test -->
  <testcase name="verify_Audit_search_option_Test" time="0.0" classname="com.testcases.BuildPageTest">
    <ignored/>
  </testcase> <!-- verify_Audit_search_option_Test -->
  <testcase name="verify_Build_Edit_user_permissions_Test" time="0.0" classname="com.testcases.BuildPageTest">
    <ignored/>
  </testcase> <!-- verify_Build_Edit_user_permissions_Test -->
  <testcase name="verify_Analyse_Edit_user_permissions_Test" time="0.0" classname="com.testcases.BuildPageTest">
    <ignored/>
  </testcase> <!-- verify_Analyse_Edit_user_permissions_Test -->
  <testcase name="verify_Audit_Owner_user_permissions_Test" time="0.0" classname="com.testcases.BuildPageTest">
    <ignored/>
  </testcase> <!-- verify_Audit_Owner_user_permissions_Test -->
  <testcase name="verify_Audit_Edit_user_permissions_Test" time="0.0" classname="com.testcases.BuildPageTest">
    <ignored/>
  </testcase> <!-- verify_Audit_Edit_user_permissions_Test -->
  <testcase name="verify_Build_View_user_permissions_Test" time="0.0" classname="com.testcases.BuildPageTest">
    <ignored/>
  </testcase> <!-- verify_Build_View_user_permissions_Test -->
  <testcase name="verify_Add_people_and_company_and_Delete_added_people_and_company_against_the_audit_Test" time="0.0" classname="com.testcases.BuildPageTest">
    <ignored/>
  </testcase> <!-- verify_Add_people_and_company_and_Delete_added_people_and_company_against_the_audit_Test -->
  <testcase name="verify_Build_Do_user_permissions_Test" time="0.0" classname="com.testcases.BuildPageTest">
    <ignored/>
  </testcase> <!-- verify_Build_Do_user_permissions_Test -->
  <testcase name="verify_Open_and_close_field_panel_and_Delete_created_field_Test" time="0.0" classname="com.testcases.BuildPageTest">
    <ignored/>
  </testcase> <!-- verify_Open_and_close_field_panel_and_Delete_created_field_Test -->
  <testcase name="verify_Analyse_Do_user_permissions_Test" time="0.0" classname="com.testcases.BuildPageTest">
    <ignored/>
  </testcase> <!-- verify_Analyse_Do_user_permissions_Test -->
</testsuite> <!-- Default test -->
